<?xml version="1.0" encoding="UTF-8"?>
<!-- Generated by org.testng.reporters.JUnitReportReporter -->
<testsuite hostname="DESKTOP-NBDKNP9" failures="0" tests="1" name="SampleG.Sample.X" time="23.181" errors="0" timestamp="2024-02-26T17:17:08 IST" skipped="0">
  <testcase classname="SampleG.Sample.X" name="Met" time="23.181"/>
</testsuite> <!-- SampleG.Sample.X -->
